GCCcore/5.4.0
binutils/2.26-GCCcore-5.4.0
GCC/5.4.0-2.26
numactl/2.0.11-GCC-5.4.0-2.26
hwloc/1.11.5-GCC-5.4.0-2.26
OpenMPI/1.10.2-GCC-5.4.0-2.26
gompi/2016.10
OpenBLAS/0.2.18-gompi-2016.10-LAPACK-3.6.1
FFTW/3.3.4-gompi-2016.10
ScaLAPACK/2.0.2-gompi-2016.10-OpenBLAS-0.2.18-LAPACK-3.6.1
foss/2016.10
bzip2/1.0.6-foss-2016.10
zlib/1.2.8-foss-2016.10
ncurses/6.0-foss-2016.10
libreadline/6.3-foss-2016.10
Tcl/8.6.4-foss-2016.10
SQLite/3.9.2-foss-2016.10
GMP/6.1.1-foss-2016.10
Tk/8.6.4-foss-2016.10
OpenSSL/1.0.2h-foss-2016.10
Python/2.7.11-foss-2016.10-minimal
numpy/1.13.0-foss-2016.10-Python-2.7.11
libpng/1.6.23-foss-2016.10
freetype/2.7-foss-2016.10
matplotlib/2.0.0-foss-2016.10-Python-2.7.11
libffi/3.2.1-foss-2016.10
libxml2/2.9.4-foss-2016.10
gettext/0.19.8-foss-2016.10
PCRE/8.38-foss-2016.10
GLib/2.47.5-foss-2016.10
GObject-Introspection/1.47.1-foss-2016.10-Python-2.7.11
pixman/0.34.0-foss-2016.10
expat/2.2.0-foss-2016.10
fontconfig/2.11.1-foss-2016.10
X11/20160819-foss-2016.10
cairo/1.14.6-foss-2016.10
PyCairo/1.10.0-foss-2016.10-Python-2.7.11
PyGObject/2.28.6-foss-2016.10-Python-2.7.11
ATK/2.18.0-foss-2016.10
NASM/2.12.02-foss-2016.10
libjpeg-turbo/1.5.0-foss-2016.10
LibTIFF/4.0.6-foss-2016.10
Gdk-Pixbuf/2.32.3-foss-2016.10
HarfBuzz/1.1.3-foss-2016.10
Pango/1.39.0-foss-2016.10
GTK+/2.24.28-foss-2016.10
libglade/2.6.4-foss-2016.10
PyGTK/2.24.0-foss-2016.10-Python-2.7.11
ASE/3.7.1.3184-foss-2016.10-Python-2.7.11
Boost/1.58.0-foss-2016.10-Python-2.7.11
Cython/0.24.1-foss-2016.10-Python-2.7.11
Szip/2.1-foss-2016.10
HDF5/1.8.18-foss-2016.10
pkg-config/0.29.1-foss-2016.10
pkgconfig/1.1.0-foss-2016.10-Python-2.7.11
h5py/2.7.0-foss-2016.10-Python-2.7.11-HDF5-1.8.18
MPFR/3.1.4-foss-2016.10
nettle/3.2-foss-2016.10
libdrm/2.4.70-foss-2016.10
LLVM/3.8.1-foss-2016.10
Mesa/12.0.2-foss-2016.10
libGLU/9.0.0-foss-2016.10
Qt/4.8.7-foss-2016.10
CGAL/4.8.1-foss-2016.10-Python-2.7.11
sparsehash/2.0.2-foss-2016.10
scipy/0.19.0-foss-2016.10-Python-2.7.11
graph-tool/2.2.42-foss-2016.10-Python-2.7.11
cURL/7.46.0-foss-2016.10
Pysam/0.9.0-foss-2016.10-Python-2.7.11
HTSeq/0.9.1-foss-2016.10-Python-2.7.11
OpenPGM/5.2.122-foss-2016.10
util-linux/2.29-foss-2016.10
libsodium/1.0.11-foss-2016.10
ZeroMQ/4.2.0-foss-2016.10
PyZMQ/16.0.2-foss-2016.10-Python-2.7.11-zmq4
IPython/5.1.0-foss-2016.10-Python-2.7.11
libxslt/1.1.29-foss-2016.10
mysql-connector/2.1.3-foss-2016.10-Python-2.7.11
networkx/1.9-foss-2016.10-Python-2.7.11
NucleoATAC/master-foss-2016.10-Python-2.7.11
pandas/0.20.3-foss-2016.10-Python-2.7.11
PIL/1.1.7-foss-2016.10-Python-2.7.11
SIP/4.19-foss-2016.10-Python-2.7.11
PyQt/4.12-foss-2016.10-Python-2.7.11
healpy/1.10.3-foss-2016.10-Python-2.7.11
requests/2.13.0-foss-2016.10-Python-2.7.11
Python-Bundle-Science/2.7.11-foss-2016.10
libyaml/0.1.6-foss-2016.10
PyYAML/3.12-foss-2016.10-Python-2.7.11
RDKit/2015_03_1-foss-2016.10-Python-2.7.11
Qhull/2015.2-foss-2016.10
Pillow/3.2.0-foss-2016.10-Python-2.7.11-freetype-2.7
scikit-image/0.12.3-foss-2016.10-Python-2.7.11
scikit-learn/0.19.0-foss-2016.10-Python-2.7.11
apps/python2/2.7.11
protobuf/3.3.0-foss-2016.10
protobuf-python/3.3.0-foss-2016.10-Python-2.7.11
apps/tensorflow/1.3.1-python-2.7.11
Tensorflow/1.3.1-foss-2016.10-Python-2.7.11
apps/keras/2.0.8-python-2.7.11
Using TensorFlow backend.
/rds/bear-apps/2017a/EL7-haswell/software/Keras/2.0.8-foss-2016.10-Python-2.7.11/lib/python2.7/site-packages/Keras-2.0.8-py2.7.egg/keras/engine/topology.py:1520: UserWarning: The list of outputs passed to the model is redundant. All outputs should only appear once. Found: [<tf.Tensor 'label_predictions/Sqrt:0' shape=(?, ?, 7) dtype=float32>, <tf.Tensor 'label_predictions/Sqrt:0' shape=(?, ?, 7) dtype=float32>, <tf.Tensor 'hyperbolic_distance_first_layer/Acosh:0' shape=(?, 6) dtype=float32>, <tf.Tensor 'hyperbolic_distance_second_layer/Acosh:0' shape=(?, 6) dtype=float32>, <tf.Tensor 'hyperbolic_distance_third_layer/Acosh:0' shape=(?, 6) dtype=float32>]
2018-02-01 19:41:31.980886: W tensorflow/core/platform/cpu_feature_guard.cc:45] The TensorFlow library wasn't compiled to use SSE4.1 instructions, but these are available on your machine and could speed up CPU computations.
2018-02-01 19:41:32.015450: W tensorflow/core/platform/cpu_feature_guard.cc:45] The TensorFlow library wasn't compiled to use SSE4.2 instructions, but these are available on your machine and could speed up CPU computations.
2018-02-01 19:41:32.015486: W tensorflow/core/platform/cpu_feature_guard.cc:45] The TensorFlow library wasn't compiled to use AVX instructions, but these are available on your machine and could speed up CPU computations.
2018-02-01 19:41:32.015498: W tensorflow/core/platform/cpu_feature_guard.cc:45] The TensorFlow library wasn't compiled to use AVX2 instructions, but these are available on your machine and could speed up CPU computations.
2018-02-01 19:41:32.015509: W tensorflow/core/platform/cpu_feature_guard.cc:45] The TensorFlow library wasn't compiled to use FMA instructions, but these are available on your machine and could speed up CPU computations.
____________________________________________________________________________________________________
Layer (type)                     Output Shape          Param #     Connected to                     
====================================================================================================
input_signal (InputLayer)        (None, 448, 1, 1433)  0                                            
____________________________________________________________________________________________________
agg1 (AggregateLayer)            (None, 112, 16, 128)  2987008     input_signal[0][0]               
____________________________________________________________________________________________________
cap1 (GraphCapsuleLayer)         (None, 112, 16, 8)    262144      agg1[0][0]                       
____________________________________________________________________________________________________
cap1_squash (Lambda)             (None, 112, 16, 8)    0           cap1[0][0]                       
____________________________________________________________________________________________________
agg2 (AggregateLayer)            (None, 28, 16, 32)    69184       cap1_squash[0][0]                
____________________________________________________________________________________________________
cap2 (GraphCapsuleLayer)         (None, 28, 7, 4)      14336       agg2[0][0]                       
____________________________________________________________________________________________________
lambda_1 (Lambda)                (None, 28, 7, 4)      0           cap2[0][0]                       
____________________________________________________________________________________________________
agg3 (AggregateLayer)            (None, 7, 8, 16)      3908        lambda_1[0][0]                   
____________________________________________________________________________________________________
cap3 (GraphCapsuleLayer)         (None, 7, 1, 2)       256         agg3[0][0]                       
____________________________________________________________________________________________________
reshape_first_layer (Reshape)    (None, 112, 128)      0           cap1[0][0]                       
____________________________________________________________________________________________________
reshape_second_layer (Reshape)   (None, 28, 28)        0           cap2[0][0]                       
____________________________________________________________________________________________________
reshape_third_layer (Reshape)    (None, 7, 2)          0           cap3[0][0]                       
____________________________________________________________________________________________________
embedding_first_layer (Lambda)   (None, 112, 128)      0           reshape_first_layer[0][0]        
____________________________________________________________________________________________________
embedding_second_layer (Lambda)  (None, 28, 28)        0           reshape_second_layer[0][0]       
____________________________________________________________________________________________________
embedding_third_layer (Lambda)   (None, 7, 2)          0           reshape_third_layer[0][0]        
____________________________________________________________________________________________________
label_predictions (Length)       (None, 28, 7)         0           lambda_1[0][0]                   
____________________________________________________________________________________________________
hyperbolic_distance_first_layer  (None, 6)             0           embedding_first_layer[0][0]      
____________________________________________________________________________________________________
hyperbolic_distance_second_layer (None, 6)             0           embedding_second_layer[0][0]     
____________________________________________________________________________________________________
hyperbolic_distance_third_layer  (None, 6)             0           embedding_third_layer[0][0]      
====================================================================================================
Total params: 3,336,836
Trainable params: 3,283,328
Non-trainable params: 53,508
____________________________________________________________________________________________________
Epoch 1/1000
1/1 [==============================] - 32s - loss: 1.9859 - label_predictions_loss_1: 8.0457 - label_predictions_loss_2: 8.0451 - hyperbolic_distance_first_layer_loss: 1.7863 - hyperbolic_distance_second_layer_loss: 1.7918 - hyperbolic_distance_third_layer_loss: 1.7918
Epoch 2/1000
1/1 [==============================] - 27s - loss: 1.9780 - label_predictions_loss_1: 8.0479 - label_predictions_loss_2: 8.0474 - hyperbolic_distance_first_layer_loss: 1.7931 - hyperbolic_distance_second_layer_loss: 1.7918 - hyperbolic_distance_third_layer_loss: 1.7918
Epoch 3/1000
1/1 [==============================] - 26s - loss: 1.9653 - label_predictions_loss_1: 8.0500 - label_predictions_loss_2: 8.0506 - hyperbolic_distance_first_layer_loss: 1.7805 - hyperbolic_distance_second_layer_loss: 1.7918 - hyperbolic_distance_third_layer_loss: 1.7918
Epoch 4/1000
1/1 [==============================] - 27s - loss: 1.9502 - label_predictions_loss_1: 8.0511 - label_predictions_loss_2: 8.0511 - hyperbolic_distance_first_layer_loss: 1.7566 - hyperbolic_distance_second_layer_loss: 1.7918 - hyperbolic_distance_third_layer_loss: 1.7918