epoch,NMI,classification_accuracy,f1_macro,f1_micro,hyperbolic_distance_layer_0_loss,hyperbolic_distance_layer_1_loss,label_prediction_layer_0_loss,loss,mean_precision_reconstruction,mean_rank_reconstruction
0,0.05011432174649638,0.152,0.13270651144280543,0.152,0.040298134088516235,2.249420642852783,4.384917736053467,2.3959338665008545,0.06642428140768059,686.4326538115222
1,0.445220681828,0.676,0.673236708549,0.676,1.45888926488,1.0155251691,0.00396878191954,0.102158825487,0.0566476360792,401.688130539
2,0.469830067287,0.714,0.683254655592,0.714,1.45130576921,0.970727374524,0.00149806635553,0.0370285036806,0.0637560997744,356.769275534
3,0.512228463993,0.738,0.719599266406,0.738,1.3871331861,0.915955071628,0.00116139959034,0.0298050946817,0.0538495344448,394.347779206
4,0.518198134903,0.736,0.724729311725,0.736,1.31299908057,0.885096763656,0.000998865148294,0.0270773575362,0.0595217888505,378.258665191
5,0.468283308824,0.696,0.684931290858,0.696,1.30447269845,0.865432053804,0.000903761928676,0.0241771078939,0.0547566844379,380.289863282
6,0.496550326249,0.736,0.713586653225,0.736,1.25281055334,0.843646969706,0.000856701841625,0.022595750968,0.0594611123258,391.108480415
7,0.526147481943,0.734,0.723931625109,0.734,1.24516720486,0.819904091388,0.000787586566549,0.0210496366797,0.0565849774921,367.596630137
8,0.502473335512,0.732,0.715034449593,0.732,1.20598508528,0.815133323751,0.000747749523056,0.0206542237289,0.064150592639,350.457120195
9,0.523735477982,0.742,0.717294413326,0.742,1.2136133078,0.812367206231,0.000749184708653,0.0197884461787,0.0592721956528,383.815374894
10,0.54764596954,0.768,0.745089378053,0.768,1.19899719417,0.800331729762,0.000731031531954,0.01964695602,0.0582143867602,368.886089139
11,0.487404821148,0.71,0.707838021572,0.71,1.20441062328,0.802628460854,0.000755009224435,0.0196411827998,0.0586674875022,381.660419996
12,0.486444627512,0.708,0.701484305117,0.708,1.18829567835,0.802267501608,0.00071467667654,0.0189839349352,0.0648301047213,342.165659885
13,0.53230680151,0.752,0.741317055659,0.752,1.17633665609,0.785440057881,0.000740315634976,0.0187400934454,0.064349728108,346.888665694
14,0.514166351107,0.74,0.717987146246,0.74,1.1821154528,0.779811236203,0.000778372215555,0.0188113734592,0.0686193346723,339.264760606
15,0.540425953537,0.738,0.739689616499,0.738,1.16370085454,0.780219179079,0.000733363485524,0.0182529178141,0.0591088061445,392.1192082
16,0.514866022263,0.734,0.713638280014,0.734,1.18265522069,0.787260739684,0.000728811020166,0.0191737596793,0.0611573849649,356.137854167
17,0.508669606917,0.734,0.715442757933,0.734,1.17784214446,0.793700250223,0.000698133679111,0.018168264024,0.066093765457,361.31564417
18,0.464103344798,0.69,0.674446753886,0.69,1.1645446223,0.788304365426,0.000755067499023,0.0193130305409,0.0647951365573,348.037716317
19,0.502454575802,0.726,0.706116412138,0.726,1.16737252828,0.787103869781,0.000757824259716,0.0188191016139,0.068364403722,357.529173724
20,0.523390289151,0.754,0.738962235132,0.754,1.18463757107,0.783950859524,0.000697685717245,0.0182244356722,0.0637970786251,332.036689557
21,0.540614395311,0.744,0.732289566843,0.744,1.16557600373,0.795703472398,0.00080646470905,0.0194343642127,0.0649840180693,335.400112256
